{"C:\\Users\\GraceNB\\Desktop\\project1\\project1\\src\\app.ts": {"path":"C:\\Users\\GraceNB\\Desktop\\project1\\project1\\src\\app.ts","statementMap":{"0":{"start":{"line":1,"column":0},"end":{"line":1,"column":30}},"1":{"start":{"line":2,"column":0},"end":{"line":2,"column":58}},"2":{"start":{"line":4,"column":12},"end":{"line":4,"column":21}},"3":{"start":{"line":5,"column":0},"end":{"line":5,"column":24}},"4":{"start":{"line":7,"column":0},"end":{"line":7,"column":50}},"5":{"start":{"line":8,"column":0},"end":{"line":8,"column":47}},"6":{"start":{"line":10,"column":0},"end":{"line":14,"column":3}},"7":{"start":{"line":11,"column":2},"end":{"line":13,"column":5}},"8":{"start":{"line":16,"column":0},"end":{"line":18,"column":3}},"9":{"start":{"line":17,"column":2},"end":{"line":17,"column":72}},"10":{"start":{"line":21,"column":0},"end":{"line":21,"column":19}}},"fnMap":{"0":{"name":"(anonymous_1)","decl":{"start":{"line":10,"column":13},"end":{"line":10,"column":14}},"loc":{"start":{"line":10,"column":26},"end":{"line":14,"column":1}}},"1":{"name":"(anonymous_2)","decl":{"start":{"line":16,"column":13},"end":{"line":16,"column":14}},"loc":{"start":{"line":16,"column":26},"end":{"line":18,"column":1}}}},"branchMap":{},"s":{"0":3,"1":3,"2":3,"3":3,"4":3,"5":3,"6":3,"7":1,"8":3,"9":0,"10":3},"f":{"0":1,"1":0},"b":{}}
,"C:\\Users\\GraceNB\\Desktop\\project1\\project1\\src\\client.ts": {"path":"C:\\Users\\GraceNB\\Desktop\\project1\\project1\\src\\client.ts","statementMap":{"0":{"start":{"line":1,"column":0},"end":{"line":1,"column":46}},"1":{"start":{"line":3,"column":15},"end":{"line":3,"column":33}},"2":{"start":{"line":4,"column":0},"end":{"line":4,"column":23}}},"fnMap":{},"branchMap":{},"s":{"0":2,"1":2,"2":2},"f":{},"b":{}}
,"C:\\Users\\GraceNB\\Desktop\\project1\\project1\\src\\hello.ts": {"path":"C:\\Users\\GraceNB\\Desktop\\project1\\project1\\src\\hello.ts","statementMap":{"0":{"start":{"line":1,"column":21},"end":{"line":3,"column":1}},"1":{"start":{"line":2,"column":4},"end":{"line":2,"column":26}},"2":{"start":{"line":1,"column":13},"end":{"line":1,"column":21}}},"fnMap":{"0":{"name":"(anonymous_0)","decl":{"start":{"line":1,"column":21},"end":{"line":1,"column":24}},"loc":{"start":{"line":1,"column":26},"end":{"line":3,"column":1}}}},"branchMap":{},"s":{"0":1,"1":1,"2":1},"f":{"0":1},"b":{}}
,"C:\\Users\\GraceNB\\Desktop\\project1\\project1\\src\\controller\\post.controller.ts": {"path":"C:\\Users\\GraceNB\\Desktop\\project1\\project1\\src\\controller\\post.controller.ts","statementMap":{"0":{"start":{"line":2,"column":0},"end":{"line":2,"column":57}},"1":{"start":{"line":5,"column":2},"end":{"line":13,"column":3}},"2":{"start":{"line":6,"column":31},"end":{"line":6,"column":39}},"3":{"start":{"line":8,"column":27},"end":{"line":8,"column":64}},"4":{"start":{"line":9,"column":24},"end":{"line":9,"column":71}},"5":{"start":{"line":10,"column":4},"end":{"line":10,"column":38}},"6":{"start":{"line":12,"column":4},"end":{"line":12,"column":39}},"7":{"start":{"line":16,"column":21},"end":{"line":25,"column":2}},"8":{"start":{"line":16,"column":59},"end":{"line":25,"column":2}},"9":{"start":{"line":17,"column":2},"end":{"line":24,"column":3}},"10":{"start":{"line":19,"column":27},"end":{"line":19,"column":64}},"11":{"start":{"line":20,"column":22},"end":{"line":20,"column":53}},"12":{"start":{"line":21,"column":4},"end":{"line":21,"column":36}},"13":{"start":{"line":23,"column":4},"end":{"line":23,"column":39}},"14":{"start":{"line":27,"column":0},"end":{"line":30,"column":2}}},"fnMap":{"0":{"name":"createBlogPost","decl":{"start":{"line":4,"column":15},"end":{"line":4,"column":29}},"loc":{"start":{"line":4,"column":57},"end":{"line":14,"column":null}}},"1":{"name":"(anonymous_10)","decl":{"start":{"line":16,"column":21},"end":{"line":16,"column":28}},"loc":{"start":{"line":16,"column":59},"end":{"line":25,"column":2}}},"2":{"name":"(anonymous_11)","decl":{"start":{"line":16,"column":59},"end":{"line":16,"column":null}},"loc":{"start":{"line":16,"column":59},"end":{"line":25,"column":1}}}},"branchMap":{},"s":{"0":3,"1":2,"2":2,"3":2,"4":2,"5":1,"6":1,"7":3,"8":2,"9":2,"10":2,"11":2,"12":1,"13":1,"14":3},"f":{"0":2,"1":2,"2":2},"b":{}}
,"C:\\Users\\GraceNB\\Desktop\\project1\\project1\\src\\repositories\\post.repository.ts": {"path":"C:\\Users\\GraceNB\\Desktop\\project1\\project1\\src\\repositories\\post.repository.ts","statementMap":{"0":{"start":{"line":1,"column":0},"end":{"line":1,"column":31}},"1":{"start":{"line":3,"column":0},"end":{"line":3,"column":18}},"2":{"start":{"line":20,"column":4},"end":{"line":30,"column":5}},"3":{"start":{"line":21,"column":19},"end":{"line":26,"column":8}},"4":{"start":{"line":27,"column":6},"end":{"line":27,"column":18}},"5":{"start":{"line":29,"column":6},"end":{"line":29,"column":45}},"6":{"start":{"line":34,"column":4},"end":{"line":39,"column":5}},"7":{"start":{"line":35,"column":20},"end":{"line":35,"column":48}},"8":{"start":{"line":36,"column":6},"end":{"line":36,"column":19}},"9":{"start":{"line":38,"column":6},"end":{"line":38,"column":45}},"10":{"start":{"line":42,"column":0},"end":{"line":44,"column":2}}},"fnMap":{"0":{"name":"(anonymous_8)","decl":{"start":{"line":19,"column":8},"end":{"line":19,"column":18}},"loc":{"start":{"line":19,"column":49},"end":{"line":31,"column":null}}},"1":{"name":"(anonymous_10)","decl":{"start":{"line":33,"column":8},"end":{"line":33,"column":16}},"loc":{"start":{"line":33,"column":16},"end":{"line":40,"column":null}}}},"branchMap":{},"s":{"0":3,"1":3,"2":2,"3":2,"4":1,"5":1,"6":2,"7":2,"8":1,"9":1,"10":3},"f":{"0":2,"1":2},"b":{}}
}
