TN:
SF:src\app.ts
FN:10,(anonymous_1)
FNF:1
FNH:1
FNDA:1,(anonymous_1)
DA:1,3
DA:2,3
DA:4,3
DA:5,3
DA:7,3
DA:8,3
DA:10,3
DA:11,1
DA:16,3
LF:9
LH:9
BRF:0
BRH:0
end_of_record
TN:
SF:src\client.ts
FNF:0
FNH:0
DA:1,2
DA:3,2
DA:4,2
LF:3
LH:3
BRF:0
BRH:0
end_of_record
TN:
SF:src\hello.ts
FN:1,(anonymous_0)
FNF:1
FNH:1
FNDA:1,(anonymous_0)
DA:1,1
DA:2,1
LF:2
LH:2
BRF:0
BRH:0
end_of_record
TN:
SF:src\controller\post.controller.ts
FN:6,createBlogPost
FN:21,(anonymous_10)
FN:21,(anonymous_11)
FNF:3
FNH:3
FNDA:2,createBlogPost
FNDA:2,(anonymous_10)
FNDA:2,(anonymous_11)
DA:2,3
DA:4,3
DA:7,2
DA:8,2
DA:9,2
DA:15,1
DA:17,1
DA:21,3
DA:22,2
DA:23,2
DA:24,1
DA:26,1
DA:30,3
LF:13
LH:13
BRF:0
BRH:0
end_of_record
