TN:
SF:src\app.ts
FN:10,(anonymous_1)
FN:16,(anonymous_2)
FNF:2
FNH:1
FNDA:1,(anonymous_1)
FNDA:0,(anonymous_2)
DA:1,3
DA:2,3
DA:4,3
DA:5,3
DA:7,3
DA:8,3
DA:10,3
DA:11,1
DA:16,3
DA:17,0
DA:21,3
LF:11
LH:10
BRF:0
BRH:0
end_of_record
TN:
SF:src\client.ts
FNF:0
FNH:0
DA:1,2
DA:3,2
DA:4,2
LF:3
LH:3
BRF:0
BRH:0
end_of_record
TN:
SF:src\hello.ts
FN:1,(anonymous_0)
FNF:1
FNH:1
FNDA:1,(anonymous_0)
DA:1,1
DA:2,1
LF:2
LH:2
BRF:0
BRH:0
end_of_record
TN:
SF:src\controller\post.controller.ts
FN:4,createBlogPost
FN:16,(anonymous_10)
FN:16,(anonymous_11)
FNF:3
FNH:3
FNDA:2,createBlogPost
FNDA:2,(anonymous_10)
FNDA:2,(anonymous_11)
DA:2,3
DA:5,2
DA:6,2
DA:8,2
DA:9,2
DA:10,1
DA:12,1
DA:16,3
DA:17,2
DA:19,2
DA:20,2
DA:21,1
DA:23,1
DA:27,3
LF:14
LH:14
BRF:0
BRH:0
end_of_record
TN:
SF:src\repositories\post.repository.ts
FN:19,(anonymous_8)
FN:33,(anonymous_10)
FNF:2
FNH:2
FNDA:2,(anonymous_8)
FNDA:2,(anonymous_10)
DA:1,3
DA:3,3
DA:20,2
DA:21,2
DA:27,1
DA:29,1
DA:34,2
DA:35,2
DA:36,1
DA:38,1
DA:42,3
LF:11
LH:11
BRF:0
BRH:0
end_of_record
